#-----------------------------------------------------------
# Vivado v2019.2 (64-bit)
# SW Build 2708876 on Wed Nov  6 21:39:14 MST 2019
# IP Build 2700528 on Thu Nov  7 00:09:20 MST 2019
# Start of session at: Sun Jul  5 14:03:24 2020
# Process ID: 11254
# Current directory: /home/rik
# Command line: vivado
# Log file: /home/rik/vivado.log
# Journal file: /home/rik/vivado.jou
#-----------------------------------------------------------
start_gui
open_project /home/rik/Documents/usbdfu/usbdfu.xpr
Scanning sources...
Finished scanning sources
INFO: [IP_Flow 19-234] Refreshing IP repositories
INFO: [IP_Flow 19-1704] No user IP repositories specified
INFO: [IP_Flow 19-2313] Loaded Vivado IP repository '/opt/Xilinx/Vivado/2019.2/data/ip'.
open_project: Time (s): cpu = 00:00:19 ; elapsed = 00:00:06 . Memory (MB): peak = 6642.891 ; gain = 161.387 ; free physical = 7132 ; free virtual = 13100
update_compile_order -fileset sources_1
reset_run synth_1
launch_runs synth_1 -jobs 8
CRITICAL WARNING: [HDL 9-806] Syntax error near ")". [/home/rik/Documents/usbdfu/usbdfu.srcs/sources_1/new/usb_dfu_a7.v:4]
WARNING: [filemgmt 20-1318] Duplicate Design Unit 'usb_dfu_ctrl_ep()' found in library 'xil_defaultlib'
Duplicate found in file /home/rik/Documents/usbdfu/usbdfu.srcs/sources_1/new/usb_dfu_a7.v
	(Active) Duplicate found at line 1 of file /home/rik/Documents/usbdfu/usbdfu.srcs/sources_1/imports/usb/usb_dfu_ctrl_ep.v
[Sun Jul  5 14:12:10 2020] Launched synth_1...
Run output will be captured here: /home/rik/Documents/usbdfu/usbdfu.runs/synth_1/runme.log
update_compile_order -fileset sources_1
update_compile_order -fileset sources_1
reset_run synth_1
launch_runs synth_1 -jobs 8
CRITICAL WARNING: [HDL 9-806] Syntax error near ")". [/home/rik/Documents/usbdfu/usbdfu.srcs/sources_1/imports/usb/usb_dfu_ctrl_ep.v:4]
[Sun Jul  5 14:12:48 2020] Launched synth_1...
Run output will be captured here: /home/rik/Documents/usbdfu/usbdfu.runs/synth_1/runme.log
reset_run synth_1
launch_runs synth_1 -jobs 8
[Sun Jul  5 14:15:03 2020] Launched synth_1...
Run output will be captured here: /home/rik/Documents/usbdfu/usbdfu.runs/synth_1/runme.log
update_compile_order -fileset sources_1
reset_run synth_1
launch_runs synth_1 -jobs 8
[Sun Jul  5 14:17:21 2020] Launched synth_1...
Run output will be captured here: /home/rik/Documents/usbdfu/usbdfu.runs/synth_1/runme.log
reset_run synth_1
launch_runs impl_1 -to_step write_bitstream -jobs 8
[Sun Jul  5 14:18:43 2020] Launched synth_1...
Run output will be captured here: /home/rik/Documents/usbdfu/usbdfu.runs/synth_1/runme.log
[Sun Jul  5 14:18:43 2020] Launched impl_1...
Run output will be captured here: /home/rik/Documents/usbdfu/usbdfu.runs/impl_1/runme.log
open_hw_manager
connect_hw_server -allow_non_jtag
INFO: [Labtools 27-2285] Connecting to hw_server url TCP:localhost:3121
INFO: [Labtools 27-2222] Launching hw_server...
INFO: [Labtools 27-2221] Launch Output:

****** Xilinx hw_server v2019.2
  **** Build date : Nov  6 2019 at 22:13:42
    ** Copyright 1986-2019 Xilinx, Inc. All Rights Reserved.


INFO: [Labtools 27-3415] Connecting to cs_server url TCP:localhost:3042
INFO: [Labtools 27-3417] Launching cs_server...
INFO: [Labtools 27-2221] Launch Output:


****** Xilinx cs_server v2019.2.0
  **** Build date : Nov 07 2019-06:41:48
    ** Copyright 2017-2019 Xilinx, Inc. All Rights Reserved.



open_hw_target
INFO: [Labtoolstcl 44-466] Opening hw_target localhost:3121/xilinx_tcf/Digilent/210319A277F2A
set_property PROGRAM.FILE {/home/rik/Documents/usbdfu/usbdfu.runs/impl_1/usb_dfu.bit} [get_hw_devices xc7a35t_0]
current_hw_device [get_hw_devices xc7a35t_0]
refresh_hw_device -update_hw_probes false [lindex [get_hw_devices xc7a35t_0] 0]
INFO: [Labtools 27-1434] Device xc7a35t (JTAG device index = 0) is programmed with a design that has no supported debug core(s) in it.
create_hw_cfgmem -hw_device [get_hw_devices xc7a35t_0] -mem_dev [lindex [get_cfgmem_parts {mt25ql128-spi-x1_x2_x4}] 0]
write_cfgmem  -format mcs -size 2 -interface SPIx4 -loadbit {up 0x00000000 "/home/rik/Documents/usbdfu/usbdfu.runs/impl_1/usb_dfu.bit" } -file "/home/rik/Documents/usbdfu/usbdfu.runs/impl_1/usb_dfu.mcs"
Command: write_cfgmem -format mcs -size 2 -interface SPIx4 -loadbit {up 0x00000000 "/home/rik/Documents/usbdfu/usbdfu.runs/impl_1/usb_dfu.bit" } -file /home/rik/Documents/usbdfu/usbdfu.runs/impl_1/usb_dfu.mcs
Creating config memory files...
Creating bitstream load up from address 0x00000000
Loading bitfile /home/rik/Documents/usbdfu/usbdfu.runs/impl_1/usb_dfu.bit
Writing file /home/rik/Documents/usbdfu/usbdfu.runs/impl_1/usb_dfu.mcs
Writing log file /home/rik/Documents/usbdfu/usbdfu.runs/impl_1/usb_dfu.prm
===================================
Configuration Memory information
===================================
File Format        MCS
Interface          SPIX4
Size               2M
Start Address      0x00000000
End Address        0x001FFFFF

Addr1         Addr2         Date                    File(s)
0x00000000    0x0008FCB7    Jul  5 14:21:16 2020    /home/rik/Documents/usbdfu/usbdfu.runs/impl_1/usb_dfu.bit
0 Infos, 0 Warnings, 0 Critical Warnings and 0 Errors encountered.
write_cfgmem completed successfully
set_property PROGRAM.ADDRESS_RANGE  {entire_device} [ get_property PROGRAM.HW_CFGMEM [lindex [get_hw_devices xc7a35t_0] 0]]
set_property PROGRAM.FILES [list "/home/rik/Documents/usbdfu/usbdfu.runs/impl_1/usb_dfu.mcs" ] [ get_property PROGRAM.HW_CFGMEM [lindex [get_hw_devices xc7a35t_0] 0]]
set_property PROGRAM.PRM_FILE {} [ get_property PROGRAM.HW_CFGMEM [lindex [get_hw_devices xc7a35t_0] 0]]
set_property PROGRAM.UNUSED_PIN_TERMINATION {pull-none} [ get_property PROGRAM.HW_CFGMEM [lindex [get_hw_devices xc7a35t_0] 0]]
set_property PROGRAM.BLANK_CHECK  0 [ get_property PROGRAM.HW_CFGMEM [lindex [get_hw_devices xc7a35t_0] 0]]
set_property PROGRAM.ERASE  1 [ get_property PROGRAM.HW_CFGMEM [lindex [get_hw_devices xc7a35t_0] 0]]
set_property PROGRAM.CFG_PROGRAM  1 [ get_property PROGRAM.HW_CFGMEM [lindex [get_hw_devices xc7a35t_0] 0]]
set_property PROGRAM.VERIFY  1 [ get_property PROGRAM.HW_CFGMEM [lindex [get_hw_devices xc7a35t_0] 0]]
set_property PROGRAM.CHECKSUM  0 [ get_property PROGRAM.HW_CFGMEM [lindex [get_hw_devices xc7a35t_0] 0]]
startgroup 
create_hw_bitstream -hw_device [lindex [get_hw_devices xc7a35t_0] 0] [get_property PROGRAM.HW_CFGMEM_BITFILE [ lindex [get_hw_devices xc7a35t_0] 0]]; program_hw_devices [lindex [get_hw_devices xc7a35t_0] 0]; refresh_hw_device [lindex [get_hw_devices xc7a35t_0] 0];
INFO: [Labtools 27-3164] End of startup status: HIGH
INFO: [Labtools 27-2302] Device xc7a35t (JTAG device index = 0) is programmed with a design that has 1 SPI core(s).
program_hw_cfgmem -hw_cfgmem [ get_property PROGRAM.HW_CFGMEM [lindex [get_hw_devices xc7a35t_0] 0]]
INFO: [Xicom 50-104] The verify operation will only be performed on the address range specified by the Memory Configuration File (MCS).
Mfg ID : 20   Memory Type : ba   Memory Capacity : 18   Device ID 1 : 0   Device ID 2 : 0
Performing Erase Operation...
Erase Operation successful.
Performing Program and Verify Operations...
Program/Verify Operation successful.
INFO: [Labtoolstcl 44-377] Flash programming completed successfully
program_hw_cfgmem: Time (s): cpu = 00:00:03 ; elapsed = 00:00:59 . Memory (MB): peak = 8158.727 ; gain = 0.000 ; free physical = 5278 ; free virtual = 11877
endgroup
reset_run synth_1
launch_runs impl_1 -to_step write_bitstream -jobs 8
[Sun Jul  5 14:31:27 2020] Launched synth_1...
Run output will be captured here: /home/rik/Documents/usbdfu/usbdfu.runs/synth_1/runme.log
[Sun Jul  5 14:31:27 2020] Launched impl_1...
Run output will be captured here: /home/rik/Documents/usbdfu/usbdfu.runs/impl_1/runme.log
write_cfgmem  -format mcs -size 2 -interface SPIx4 -loadbit {up 0x00000000 "/home/rik/Documents/usbdfu/usbdfu.runs/impl_1/usb_dfu.bit" } -file "/home/rik/Documents/usbdfu/usbdfu.runs/impl_1/usb_dfu.mcs"
Command: write_cfgmem -format mcs -size 2 -interface SPIx4 -loadbit {up 0x00000000 "/home/rik/Documents/usbdfu/usbdfu.runs/impl_1/usb_dfu.bit" } -file /home/rik/Documents/usbdfu/usbdfu.runs/impl_1/usb_dfu.mcs
Creating config memory files...
ERROR: [Writecfgmem 68-5] Cannot overwrite file /home/rik/Documents/usbdfu/usbdfu.runs/impl_1/usb_dfu.prm. Use "-force" flag.
0 Infos, 0 Warnings, 0 Critical Warnings and 1 Errors encountered.
write_cfgmem failed
ERROR: [Common 17-39] 'write_cfgmem' failed due to earlier errors.
write_cfgmem  -format mcs -size 2 -interface SPIx4 -loadbit {up 0x00000000 "/home/rik/Documents/usbdfu/usbdfu.runs/impl_1/usb_dfu.bit" } -force -file "/home/rik/Documents/usbdfu/usbdfu.runs/impl_1/usb_dfu.mcs"
Command: write_cfgmem -format mcs -size 2 -interface SPIx4 -loadbit {up 0x00000000 "/home/rik/Documents/usbdfu/usbdfu.runs/impl_1/usb_dfu.bit" } -force -file /home/rik/Documents/usbdfu/usbdfu.runs/impl_1/usb_dfu.mcs
Creating config memory files...
Creating bitstream load up from address 0x00000000
Loading bitfile /home/rik/Documents/usbdfu/usbdfu.runs/impl_1/usb_dfu.bit
Writing file /home/rik/Documents/usbdfu/usbdfu.runs/impl_1/usb_dfu.mcs
Writing log file /home/rik/Documents/usbdfu/usbdfu.runs/impl_1/usb_dfu.prm
===================================
Configuration Memory information
===================================
File Format        MCS
Interface          SPIX4
Size               2M
Start Address      0x00000000
End Address        0x001FFFFF

Addr1         Addr2         Date                    File(s)
0x00000000    0x0008FCB7    Jul  5 14:33:57 2020    /home/rik/Documents/usbdfu/usbdfu.runs/impl_1/usb_dfu.bit
0 Infos, 0 Warnings, 0 Critical Warnings and 0 Errors encountered.
write_cfgmem completed successfully
set_property PROGRAM.ADDRESS_RANGE  {entire_device} [ get_property PROGRAM.HW_CFGMEM [lindex [get_hw_devices xc7a35t_0] 0]]
set_property PROGRAM.FILES [list "/home/rik/Documents/usbdfu/usbdfu.runs/impl_1/usb_dfu.mcs" ] [ get_property PROGRAM.HW_CFGMEM [lindex [get_hw_devices xc7a35t_0] 0]]
set_property PROGRAM.PRM_FILE {} [ get_property PROGRAM.HW_CFGMEM [lindex [get_hw_devices xc7a35t_0] 0]]
set_property PROGRAM.UNUSED_PIN_TERMINATION {pull-none} [ get_property PROGRAM.HW_CFGMEM [lindex [get_hw_devices xc7a35t_0] 0]]
set_property PROGRAM.BLANK_CHECK  0 [ get_property PROGRAM.HW_CFGMEM [lindex [get_hw_devices xc7a35t_0] 0]]
set_property PROGRAM.ERASE  1 [ get_property PROGRAM.HW_CFGMEM [lindex [get_hw_devices xc7a35t_0] 0]]
set_property PROGRAM.CFG_PROGRAM  1 [ get_property PROGRAM.HW_CFGMEM [lindex [get_hw_devices xc7a35t_0] 0]]
set_property PROGRAM.VERIFY  1 [ get_property PROGRAM.HW_CFGMEM [lindex [get_hw_devices xc7a35t_0] 0]]
set_property PROGRAM.CHECKSUM  0 [ get_property PROGRAM.HW_CFGMEM [lindex [get_hw_devices xc7a35t_0] 0]]
startgroup 
create_hw_bitstream -hw_device [lindex [get_hw_devices xc7a35t_0] 0] [get_property PROGRAM.HW_CFGMEM_BITFILE [ lindex [get_hw_devices xc7a35t_0] 0]]; program_hw_devices [lindex [get_hw_devices xc7a35t_0] 0]; refresh_hw_device [lindex [get_hw_devices xc7a35t_0] 0];
INFO: [Labtools 27-3164] End of startup status: HIGH
INFO: [Labtools 27-2302] Device xc7a35t (JTAG device index = 0) is programmed with a design that has 1 SPI core(s).
program_hw_cfgmem -hw_cfgmem [ get_property PROGRAM.HW_CFGMEM [lindex [get_hw_devices xc7a35t_0] 0]]
INFO: [Xicom 50-104] The verify operation will only be performed on the address range specified by the Memory Configuration File (MCS).
Mfg ID : 20   Memory Type : ba   Memory Capacity : 18   Device ID 1 : 0   Device ID 2 : 0
Performing Erase Operation...
Erase Operation successful.
Performing Program and Verify Operations...
Program/Verify Operation successful.
INFO: [Labtoolstcl 44-377] Flash programming completed successfully
program_hw_cfgmem: Time (s): cpu = 00:00:02 ; elapsed = 00:01:00 . Memory (MB): peak = 8158.727 ; gain = 0.000 ; free physical = 5444 ; free virtual = 11946
endgroup
reset_run synth_1
archive_project /home/rik/Documents/usbdfu.xpr.zip -force -exclude_run_results
INFO: [Coretcl 2-137] starting archive...
INFO: [Coretcl 2-1499] Saving project copy to temporary location './.Xil/Vivado-11254-rikmain' for archiving project
Scanning sources...
Finished scanning sources
INFO: [IP_Flow 19-234] Refreshing IP repositories
INFO: [IP_Flow 19-1704] No user IP repositories specified
INFO: [IP_Flow 19-2313] Loaded Vivado IP repository '/opt/Xilinx/Vivado/2019.2/data/ip'.
INFO: [Coretcl 2-1211] Creating project copy for archival...
INFO: [Coretcl 2-135] resetting runs for excluding generated files from archive...
INFO: [Coretcl 2-133] re-setting run 'synth_1'...
WARNING: [Coretcl 2-105] Run 'clk_wiz_0_synth_1' is currently active
INFO: [Coretcl 2-133] re-setting run 'clk_wiz_0_synth_1'...
INFO: [Coretcl 2-133] re-setting run 'impl_1'...
INFO: [Coretcl 2-133] re-setting run 'clk_wiz_0_impl_1'...
INFO: [Coretcl 2-1212] Importing remotely added design sources and verilog include files (if any)...
INFO: [filemgmt 20-334] All file(s) are already imported in fileset: 'clk_wiz_0'
INFO: [filemgmt 20-348] Importing the appropriate files for fileset: 'clk_wiz_0'
INFO: [filemgmt 20-334] All file(s) are already imported in fileset: 'constrs_1'
INFO: [filemgmt 20-348] Importing the appropriate files for fileset: 'constrs_1'
INFO: [filemgmt 20-348] Importing the appropriate files for fileset: 'sources_1'
